<?xml version="1.0" encoding="UTF-8"?>
<testsuites>
  <testsuite name="/Users/kfriars/packages/snapshots/phpunit.xml.dist" tests="56" assertions="196" errors="0" failures="0" skipped="0" time="0.222716">
    <testsuite name="Features Tests" tests="43" assertions="165" errors="0" failures="0" skipped="0" time="0.220335">
      <testsuite name="P\Tests\Suite\Feature\Relations\BelongsToTest" file="/Users/kfriars/packages/snapshots/vendor/pestphp/pest/src/Factories/TestCaseFactory.php(196) : eval()'d code" tests="6" assertions="16" errors="0" failures="0" skipped="0" time="0.051696">
        <testcase name="__pest_evaluable__BelongsTo_relationships_use_versioned_tables_when_one_of_the_models_is_versioned__→_it_can_update_a_belongs_to_relationship_to_a_versioned_model_from_a_non_versioned_model" file="/Users/kfriars/packages/snapshots/vendor/pestphp/pest/src/Factories/TestCaseFactory.php(196) : eval()'d code" line="67" class="P\Tests\Suite\Feature\Relations\BelongsToTest" classname="P.Tests.Suite.Feature.Relations.BelongsToTest" assertions="3" time="0.008859"/>
        <testcase name="__pest_evaluable__BelongsTo_relationships_use_versioned_tables_when_one_of_the_models_is_versioned__→_it_can_make_a_non_versioned_model_belong_to_a_versioned_model" file="/Users/kfriars/packages/snapshots/vendor/pestphp/pest/src/Factories/TestCaseFactory.php(196) : eval()'d code" line="52" class="P\Tests\Suite\Feature\Relations\BelongsToTest" classname="P.Tests.Suite.Feature.Relations.BelongsToTest" assertions="3" time="0.005500"/>
        <testcase name="__pest_evaluable__BelongsTo_relationships_use_versioned_tables_when_one_of_the_models_is_versioned__→_it_can_update_a_belongs_to_relationship_to_a_non_versioned_model_from_a_versioned_model" file="/Users/kfriars/packages/snapshots/vendor/pestphp/pest/src/Factories/TestCaseFactory.php(196) : eval()'d code" line="37" class="P\Tests\Suite\Feature\Relations\BelongsToTest" classname="P.Tests.Suite.Feature.Relations.BelongsToTest" assertions="3" time="0.005051"/>
        <testcase name="__pest_evaluable__BelongsTo_relationships_use_versioned_tables_when_one_of_the_models_is_versioned__→_it_can_make_a_versioned_model_belong_to_a_versioned_model" file="/Users/kfriars/packages/snapshots/vendor/pestphp/pest/src/Factories/TestCaseFactory.php(196) : eval()'d code" line="82" class="P\Tests\Suite\Feature\Relations\BelongsToTest" classname="P.Tests.Suite.Feature.Relations.BelongsToTest" assertions="2" time="0.006958"/>
        <testcase name="__pest_evaluable__BelongsTo_relationships_use_versioned_tables_when_one_of_the_models_is_versioned__→_it_can_update_a_belongs_to_relationship_to_a_versioned_model_from_a_versioned_model" file="/Users/kfriars/packages/snapshots/vendor/pestphp/pest/src/Factories/TestCaseFactory.php(196) : eval()'d code" line="97" class="P\Tests\Suite\Feature\Relations\BelongsToTest" classname="P.Tests.Suite.Feature.Relations.BelongsToTest" assertions="3" time="0.006959"/>
        <testcase name="__pest_evaluable__BelongsTo_relationships_use_versioned_tables_when_one_of_the_models_is_versioned__→_it_can_make_a_versioned_model_belong_to_a_non_versioned_model" file="/Users/kfriars/packages/snapshots/vendor/pestphp/pest/src/Factories/TestCaseFactory.php(196) : eval()'d code" line="22" class="P\Tests\Suite\Feature\Relations\BelongsToTest" classname="P.Tests.Suite.Feature.Relations.BelongsToTest" assertions="2" time="0.018369"/>
      </testsuite>
      <testsuite name="P\Tests\Suite\Feature\Relations\HasOneTest" file="/Users/kfriars/packages/snapshots/vendor/pestphp/pest/src/Factories/TestCaseFactory.php(196) : eval()'d code" tests="1" assertions="5" errors="0" failures="0" skipped="0" time="0.010472">
        <testcase name="__pest_evaluable__HasMany_relationships_use_versioned_tables_correctly__→_it_selects_the_correct_table_when_saving_versioned_models_on_non_versioned_models" file="/Users/kfriars/packages/snapshots/vendor/pestphp/pest/src/Factories/TestCaseFactory.php(196) : eval()'d code" line="22" class="P\Tests\Suite\Feature\Relations\HasOneTest" classname="P.Tests.Suite.Feature.Relations.HasOneTest" assertions="5" time="0.010472"/>
      </testsuite>
      <testsuite name="P\Tests\Suite\Feature\ModelQueriesTest" file="/Users/kfriars/packages/snapshots/vendor/pestphp/pest/src/Factories/TestCaseFactory.php(196) : eval()'d code" tests="4" assertions="16" errors="0" failures="0" skipped="0" time="0.024280">
        <testcase name="__pest_evaluable__Versioned_models_use_the_version_prefixed_table_when_interacting_with_the_database__→_it_can_delete_a_model_from_the_correct_version_table" file="/Users/kfriars/packages/snapshots/vendor/pestphp/pest/src/Factories/TestCaseFactory.php(196) : eval()'d code" line="52" class="P\Tests\Suite\Feature\ModelQueriesTest" classname="P.Tests.Suite.Feature.ModelQueriesTest" assertions="4" time="0.004745"/>
        <testcase name="__pest_evaluable__Versioned_models_use_the_version_prefixed_table_when_interacting_with_the_database__→_it_can_retrieve_the_correct_version_of_a_model" file="/Users/kfriars/packages/snapshots/vendor/pestphp/pest/src/Factories/TestCaseFactory.php(196) : eval()'d code" line="22" class="P\Tests\Suite\Feature\ModelQueriesTest" classname="P.Tests.Suite.Feature.ModelQueriesTest" assertions="3" time="0.004467"/>
        <testcase name="__pest_evaluable__Versioned_models_use_the_version_prefixed_table_when_interacting_with_the_database__→_it_can_save_a_model_to_the_correct_version_table" file="/Users/kfriars/packages/snapshots/vendor/pestphp/pest/src/Factories/TestCaseFactory.php(196) : eval()'d code" line="37" class="P\Tests\Suite\Feature\ModelQueriesTest" classname="P.Tests.Suite.Feature.ModelQueriesTest" assertions="3" time="0.004664"/>
        <testcase name="__pest_evaluable__Versioned_models_use_the_version_prefixed_table_when_interacting_with_the_database__→_it_can_update_a_model_in_the_correct_version_table" file="/Users/kfriars/packages/snapshots/vendor/pestphp/pest/src/Factories/TestCaseFactory.php(196) : eval()'d code" line="67" class="P\Tests\Suite\Feature\ModelQueriesTest" classname="P.Tests.Suite.Feature.ModelQueriesTest" assertions="6" time="0.010404"/>
      </testsuite>
      <testsuite name="P\Tests\Suite\Feature\Relations\MorphToManyTest" file="/Users/kfriars/packages/snapshots/vendor/pestphp/pest/src/Factories/TestCaseFactory.php(196) : eval()'d code" tests="5" assertions="36" errors="0" failures="0" skipped="0" time="0.029943">
        <testcase name="__pest_evaluable__MorphToMany_relationships_use_versioned_tables_when_one_of_the_models_is_versioned__→_it_can_delete_the_pivot_for_unversioned_models_to_versioned_models" file="/Users/kfriars/packages/snapshots/vendor/pestphp/pest/src/Factories/TestCaseFactory.php(196) : eval()'d code" line="52" class="P\Tests\Suite\Feature\Relations\MorphToManyTest" classname="P.Tests.Suite.Feature.Relations.MorphToManyTest" assertions="5" time="0.006598"/>
        <testcase name="__pest_evaluable__MorphToMany_relationships_use_versioned_tables_when_one_of_the_models_is_versioned__→_it_can_detach_unversioned_models_to_versioned_models" file="/Users/kfriars/packages/snapshots/vendor/pestphp/pest/src/Factories/TestCaseFactory.php(196) : eval()'d code" line="37" class="P\Tests\Suite\Feature\Relations\MorphToManyTest" classname="P.Tests.Suite.Feature.Relations.MorphToManyTest" assertions="5" time="0.005538"/>
        <testcase name="__pest_evaluable__MorphToMany_relationships_use_versioned_tables_when_one_of_the_models_is_versioned__→_it_can_sync_unversioned_models_to_versioned_models" file="/Users/kfriars/packages/snapshots/vendor/pestphp/pest/src/Factories/TestCaseFactory.php(196) : eval()'d code" line="67" class="P\Tests\Suite\Feature\Relations\MorphToManyTest" classname="P.Tests.Suite.Feature.Relations.MorphToManyTest" assertions="11" time="0.006272"/>
        <testcase name="__pest_evaluable__MorphToMany_relationships_use_versioned_tables_when_one_of_the_models_is_versioned__→_it_can_sync_without_detaching_unversioned_models_to_versioned_models" file="/Users/kfriars/packages/snapshots/vendor/pestphp/pest/src/Factories/TestCaseFactory.php(196) : eval()'d code" line="82" class="P\Tests\Suite\Feature\Relations\MorphToManyTest" classname="P.Tests.Suite.Feature.Relations.MorphToManyTest" assertions="12" time="0.006099"/>
        <testcase name="__pest_evaluable__MorphToMany_relationships_use_versioned_tables_when_one_of_the_models_is_versioned__→_it_can_attach_unversioned_models_to_versioned_models" file="/Users/kfriars/packages/snapshots/vendor/pestphp/pest/src/Factories/TestCaseFactory.php(196) : eval()'d code" line="22" class="P\Tests\Suite\Feature\Relations\MorphToManyTest" classname="P.Tests.Suite.Feature.Relations.MorphToManyTest" assertions="3" time="0.005435"/>
      </testsuite>
      <testsuite name="P\Tests\Suite\Feature\VersionsTest" file="/Users/kfriars/packages/snapshots/vendor/pestphp/pest/src/Factories/TestCaseFactory.php(196) : eval()'d code" tests="8" assertions="14" errors="0" failures="0" skipped="0" time="0.011711">
        <testcase name="__pest_evaluable__Versions_are_migrated_and_released_correctly__→_it_throws_an_exception_when_creating_a_new_version_before_the_previous_version_has_been_released" file="/Users/kfriars/packages/snapshots/vendor/pestphp/pest/src/Factories/TestCaseFactory.php(196) : eval()'d code" line="37" class="P\Tests\Suite\Feature\VersionsTest" classname="P.Tests.Suite.Feature.VersionsTest" assertions="1" time="0.001541"/>
        <testcase name="__pest_evaluable__Versions_are_migrated_and_released_correctly__→_it_throws_an_exception_when_attempting_to_alter_a_versions_release_date" file="/Users/kfriars/packages/snapshots/vendor/pestphp/pest/src/Factories/TestCaseFactory.php(196) : eval()'d code" line="112" class="P\Tests\Suite\Feature\VersionsTest" classname="P.Tests.Suite.Feature.VersionsTest" assertions="1" time="0.001300"/>
        <testcase name="__pest_evaluable__Versions_are_migrated_and_released_correctly__→_it_fires_releasing_events_when_releasing_a_Version" file="/Users/kfriars/packages/snapshots/vendor/pestphp/pest/src/Factories/TestCaseFactory.php(196) : eval()'d code" line="67" class="P\Tests\Suite\Feature\VersionsTest" classname="P.Tests.Suite.Feature.VersionsTest" assertions="2" time="0.001534"/>
        <testcase name="__pest_evaluable__Versions_are_migrated_and_released_correctly__→_it_fires_unreleasing_events_when_unreleasing_a_Version" file="/Users/kfriars/packages/snapshots/vendor/pestphp/pest/src/Factories/TestCaseFactory.php(196) : eval()'d code" line="82" class="P\Tests\Suite\Feature\VersionsTest" classname="P.Tests.Suite.Feature.VersionsTest" assertions="2" time="0.001745"/>
        <testcase name="__pest_evaluable__Versions_are_migrated_and_released_correctly__→_it_No_events_are_fired_when_not_changing_the_Versions_release_status" file="/Users/kfriars/packages/snapshots/vendor/pestphp/pest/src/Factories/TestCaseFactory.php(196) : eval()'d code" line="97" class="P\Tests\Suite\Feature\VersionsTest" classname="P.Tests.Suite.Feature.VersionsTest" assertions="5" time="0.001223"/>
        <testcase name="__pest_evaluable__Versions_are_migrated_and_released_correctly__→_it_throws_an_exception_when_attempting_to_release_a_version_in_the_future" file="/Users/kfriars/packages/snapshots/vendor/pestphp/pest/src/Factories/TestCaseFactory.php(196) : eval()'d code" line="127" class="P\Tests\Suite\Feature\VersionsTest" classname="P.Tests.Suite.Feature.VersionsTest" assertions="1" time="0.001326"/>
        <testcase name="__pest_evaluable__Versions_are_migrated_and_released_correctly__→_it_allows_you_to_create_a_new_Version_when_the_previous_Version_has_been_migrated_and_released" file="/Users/kfriars/packages/snapshots/vendor/pestphp/pest/src/Factories/TestCaseFactory.php(196) : eval()'d code" line="52" class="P\Tests\Suite\Feature\VersionsTest" classname="P.Tests.Suite.Feature.VersionsTest" assertions="1" time="0.002318"/>
        <testcase name="__pest_evaluable__Versions_are_migrated_and_released_correctly__→_it_throws_an_exception_when_creating_a_new_version_before_the_previous_version_has_been_migrated" file="/Users/kfriars/packages/snapshots/vendor/pestphp/pest/src/Factories/TestCaseFactory.php(196) : eval()'d code" line="22" class="P\Tests\Suite\Feature\VersionsTest" classname="P.Tests.Suite.Feature.VersionsTest" assertions="1" time="0.000725"/>
      </testsuite>
      <testsuite name="P\Tests\Suite\Feature\SnapshotSchemaBuilderTest" file="/Users/kfriars/packages/snapshots/vendor/pestphp/pest/src/Factories/TestCaseFactory.php(196) : eval()'d code" tests="13" assertions="30" errors="0" failures="0" skipped="0" time="0.050913">
        <testcase name="__pest_evaluable__SnapshotMigrations_are_versioned__→_it_forwards_non_table_schema_builder_methods_to_the_frameworks_schema_builder" file="/Users/kfriars/packages/snapshots/vendor/pestphp/pest/src/Factories/TestCaseFactory.php(196) : eval()'d code" line="202" class="P\Tests\Suite\Feature\SnapshotSchemaBuilderTest" classname="P.Tests.Suite.Feature.SnapshotSchemaBuilderTest" assertions="3" time="0.003859"/>
        <testcase name="__pest_evaluable__SnapshotMigrations_are_versioned__→_it_drops_versioned_tables_for_new_versions" file="/Users/kfriars/packages/snapshots/vendor/pestphp/pest/src/Factories/TestCaseFactory.php(196) : eval()'d code" line="142" class="P\Tests\Suite\Feature\SnapshotSchemaBuilderTest" classname="P.Tests.Suite.Feature.SnapshotSchemaBuilderTest" assertions="2" time="0.008370"/>
        <testcase name="__pest_evaluable__SnapshotMigrations_are_versioned__→_it_renames_versioned_tables" file="/Users/kfriars/packages/snapshots/vendor/pestphp/pest/src/Factories/TestCaseFactory.php(196) : eval()'d code" line="172" class="P\Tests\Suite\Feature\SnapshotSchemaBuilderTest" classname="P.Tests.Suite.Feature.SnapshotSchemaBuilderTest" assertions="5" time="0.001529"/>
        <testcase name="__pest_evaluable__SnapshotMigrations_are_versioned__→_it_migrates_the_declared_table_before_the_versions_table_has_been_migrated" file="/Users/kfriars/packages/snapshots/vendor/pestphp/pest/src/Factories/TestCaseFactory.php(196) : eval()'d code" line="22" class="P\Tests\Suite\Feature\SnapshotSchemaBuilderTest" classname="P.Tests.Suite.Feature.SnapshotSchemaBuilderTest" assertions="1" time="0.001479"/>
        <testcase name="__pest_evaluable__SnapshotMigrations_are_versioned__→_it_doesnt_drop_versioned_tables_when_they_dont_exist" file="/Users/kfriars/packages/snapshots/vendor/pestphp/pest/src/Factories/TestCaseFactory.php(196) : eval()'d code" line="127" class="P\Tests\Suite\Feature\SnapshotSchemaBuilderTest" classname="P.Tests.Suite.Feature.SnapshotSchemaBuilderTest" assertions="1" time="0.005347"/>
        <testcase name="__pest_evaluable__SnapshotMigrations_are_versioned__→_it_drops_versioned_tables_if_they_exist_when_they_exist" file="/Users/kfriars/packages/snapshots/vendor/pestphp/pest/src/Factories/TestCaseFactory.php(196) : eval()'d code" line="112" class="P\Tests\Suite\Feature\SnapshotSchemaBuilderTest" classname="P.Tests.Suite.Feature.SnapshotSchemaBuilderTest" assertions="1" time="0.003507"/>
        <testcase name="__pest_evaluable__SnapshotMigrations_are_versioned__→_it_creates_new_tables_for_new_versions" file="/Users/kfriars/packages/snapshots/vendor/pestphp/pest/src/Factories/TestCaseFactory.php(196) : eval()'d code" line="82" class="P\Tests\Suite\Feature\SnapshotSchemaBuilderTest" classname="P.Tests.Suite.Feature.SnapshotSchemaBuilderTest" assertions="2" time="0.004070"/>
        <testcase name="__pest_evaluable__SnapshotMigrations_are_versioned__→_it_drops_columns_on_versioned_tables" file="/Users/kfriars/packages/snapshots/vendor/pestphp/pest/src/Factories/TestCaseFactory.php(196) : eval()'d code" line="157" class="P\Tests\Suite\Feature\SnapshotSchemaBuilderTest" classname="P.Tests.Suite.Feature.SnapshotSchemaBuilderTest" assertions="5" time="0.008605"/>
        <testcase name="__pest_evaluable__SnapshotMigrations_are_versioned__→_it_uses_the_declared_table_name_when_no_active_version_is_set" file="/Users/kfriars/packages/snapshots/vendor/pestphp/pest/src/Factories/TestCaseFactory.php(196) : eval()'d code" line="37" class="P\Tests\Suite\Feature\SnapshotSchemaBuilderTest" classname="P.Tests.Suite.Feature.SnapshotSchemaBuilderTest" assertions="1" time="0.000308"/>
        <testcase name="__pest_evaluable__SnapshotMigrations_are_versioned__→_it_does_does_not_re_run_evoloving_migrations_for_versions" file="/Users/kfriars/packages/snapshots/vendor/pestphp/pest/src/Factories/TestCaseFactory.php(196) : eval()'d code" line="67" class="P\Tests\Suite\Feature\SnapshotSchemaBuilderTest" classname="P.Tests.Suite.Feature.SnapshotSchemaBuilderTest" assertions="2" time="0.002373"/>
        <testcase name="__pest_evaluable__SnapshotMigrations_are_versioned__→_it_changes_columns_on_versioned_tables" file="/Users/kfriars/packages/snapshots/vendor/pestphp/pest/src/Factories/TestCaseFactory.php(196) : eval()'d code" line="187" class="P\Tests\Suite\Feature\SnapshotSchemaBuilderTest" classname="P.Tests.Suite.Feature.SnapshotSchemaBuilderTest" assertions="5" time="0.005926"/>
        <testcase name="__pest_evaluable__SnapshotMigrations_are_versioned__→_it_drops_versioned_tables" file="/Users/kfriars/packages/snapshots/vendor/pestphp/pest/src/Factories/TestCaseFactory.php(196) : eval()'d code" line="97" class="P\Tests\Suite\Feature\SnapshotSchemaBuilderTest" classname="P.Tests.Suite.Feature.SnapshotSchemaBuilderTest" assertions="1" time="0.003658"/>
        <testcase name="__pest_evaluable__SnapshotMigrations_are_versioned__→_it_creates_versioned_tables" file="/Users/kfriars/packages/snapshots/vendor/pestphp/pest/src/Factories/TestCaseFactory.php(196) : eval()'d code" line="52" class="P\Tests\Suite\Feature\SnapshotSchemaBuilderTest" classname="P.Tests.Suite.Feature.SnapshotSchemaBuilderTest" assertions="1" time="0.001882"/>
      </testsuite>
      <testsuite name="P\Tests\Suite\Feature\Relations\HasManyTest" file="/Users/kfriars/packages/snapshots/vendor/pestphp/pest/src/Factories/TestCaseFactory.php(196) : eval()'d code" tests="1" assertions="5" errors="0" failures="0" skipped="0" time="0.011672">
        <testcase name="__pest_evaluable__HasMany_relationships_use_versioned_tables_correctly__→_it_selects_the_correct_table_when_saving_versioned_models_on_non_versioned_models" file="/Users/kfriars/packages/snapshots/vendor/pestphp/pest/src/Factories/TestCaseFactory.php(196) : eval()'d code" line="22" class="P\Tests\Suite\Feature\Relations\HasManyTest" classname="P.Tests.Suite.Feature.Relations.HasManyTest" assertions="5" time="0.011672"/>
      </testsuite>
      <testsuite name="P\Tests\Suite\Feature\Relations\BelongsToManyTest" file="/Users/kfriars/packages/snapshots/vendor/pestphp/pest/src/Factories/TestCaseFactory.php(196) : eval()'d code" tests="5" assertions="43" errors="0" failures="0" skipped="0" time="0.029647">
        <testcase name="__pest_evaluable__BelongsTo_relationships_use_versioned_tables_when_one_of_the_models_is_versioned__→_it_can_delete_the_pivot_for_versioned_models_to_versioned_models" file="/Users/kfriars/packages/snapshots/vendor/pestphp/pest/src/Factories/TestCaseFactory.php(196) : eval()'d code" line="52" class="P\Tests\Suite\Feature\Relations\BelongsToManyTest" classname="P.Tests.Suite.Feature.Relations.BelongsToManyTest" assertions="9" time="0.005605"/>
        <testcase name="__pest_evaluable__BelongsTo_relationships_use_versioned_tables_when_one_of_the_models_is_versioned__→_it_can_attach_versioned_models_to_versioned_models" file="/Users/kfriars/packages/snapshots/vendor/pestphp/pest/src/Factories/TestCaseFactory.php(196) : eval()'d code" line="22" class="P\Tests\Suite\Feature\Relations\BelongsToManyTest" classname="P.Tests.Suite.Feature.Relations.BelongsToManyTest" assertions="3" time="0.005673"/>
        <testcase name="__pest_evaluable__BelongsTo_relationships_use_versioned_tables_when_one_of_the_models_is_versioned__→_it_can_detach_versioned_models_to_versioned_models" file="/Users/kfriars/packages/snapshots/vendor/pestphp/pest/src/Factories/TestCaseFactory.php(196) : eval()'d code" line="37" class="P\Tests\Suite\Feature\Relations\BelongsToManyTest" classname="P.Tests.Suite.Feature.Relations.BelongsToManyTest" assertions="9" time="0.006219"/>
        <testcase name="__pest_evaluable__BelongsTo_relationships_use_versioned_tables_when_one_of_the_models_is_versioned__→_it_can_sync_without_detaching_versioned_models_to_versioned_models" file="/Users/kfriars/packages/snapshots/vendor/pestphp/pest/src/Factories/TestCaseFactory.php(196) : eval()'d code" line="82" class="P\Tests\Suite\Feature\Relations\BelongsToManyTest" classname="P.Tests.Suite.Feature.Relations.BelongsToManyTest" assertions="11" time="0.006232"/>
        <testcase name="__pest_evaluable__BelongsTo_relationships_use_versioned_tables_when_one_of_the_models_is_versioned__→_it_can_sync_versioned_models_to_versioned_models" file="/Users/kfriars/packages/snapshots/vendor/pestphp/pest/src/Factories/TestCaseFactory.php(196) : eval()'d code" line="67" class="P\Tests\Suite\Feature\Relations\BelongsToManyTest" classname="P.Tests.Suite.Feature.Relations.BelongsToManyTest" assertions="11" time="0.005918"/>
      </testsuite>
    </testsuite>
    <testsuite name="Unit Tests" tests="13" assertions="31" errors="0" failures="0" skipped="0" time="0.002381">
      <testsuite name="P\Tests\Suite\Unit\VersionNumberTest" file="/Users/kfriars/packages/snapshots/vendor/pestphp/pest/src/Factories/TestCaseFactory.php(196) : eval()'d code" tests="13" assertions="31" errors="0" failures="0" skipped="0" time="0.002381">
        <testcase name="__pest_evaluable__VersionNumber_creates__compares_and_transforms_correctly__→_it_can_return_the_next_minor_version" file="/Users/kfriars/packages/snapshots/vendor/pestphp/pest/src/Factories/TestCaseFactory.php(196) : eval()'d code" line="67" class="P\Tests\Suite\Unit\VersionNumberTest" classname="P.Tests.Suite.Unit.VersionNumberTest" assertions="3" time="0.000190"/>
        <testcase name="__pest_evaluable__VersionNumber_creates__compares_and_transforms_correctly__→_it_can_determine_if_another_version_number_is_less_than_itself" file="/Users/kfriars/packages/snapshots/vendor/pestphp/pest/src/Factories/TestCaseFactory.php(196) : eval()'d code" line="172" class="P\Tests\Suite\Unit\VersionNumberTest" classname="P.Tests.Suite.Unit.VersionNumberTest" assertions="3" time="0.000177"/>
        <testcase name="__pest_evaluable__VersionNumber_creates__compares_and_transforms_correctly__→_it_can_determine_if_another_version_number_is_greater_than_or_equal_to_itself" file="/Users/kfriars/packages/snapshots/vendor/pestphp/pest/src/Factories/TestCaseFactory.php(196) : eval()'d code" line="157" class="P\Tests\Suite\Unit\VersionNumberTest" classname="P.Tests.Suite.Unit.VersionNumberTest" assertions="3" time="0.000176"/>
        <testcase name="__pest_evaluable__VersionNumber_creates__compares_and_transforms_correctly__→_it_can_determine_if_another_version_number_is_less_than_or_equal_to_itself" file="/Users/kfriars/packages/snapshots/vendor/pestphp/pest/src/Factories/TestCaseFactory.php(196) : eval()'d code" line="187" class="P\Tests\Suite\Unit\VersionNumberTest" classname="P.Tests.Suite.Unit.VersionNumberTest" assertions="3" time="0.000161"/>
        <testcase name="__pest_evaluable__VersionNumber_creates__compares_and_transforms_correctly__→_it_can_determine_if_another_version_number_is_greater_than_itself" file="/Users/kfriars/packages/snapshots/vendor/pestphp/pest/src/Factories/TestCaseFactory.php(196) : eval()'d code" line="142" class="P\Tests\Suite\Unit\VersionNumberTest" classname="P.Tests.Suite.Unit.VersionNumberTest" assertions="3" time="0.000155"/>
        <testcase name="__pest_evaluable__VersionNumber_creates__compares_and_transforms_correctly__→_it_throws_an_exception_if_the_string_is_invalid" file="/Users/kfriars/packages/snapshots/vendor/pestphp/pest/src/Factories/TestCaseFactory.php(196) : eval()'d code" line="37" class="P\Tests\Suite\Unit\VersionNumberTest" classname="P.Tests.Suite.Unit.VersionNumberTest" assertions="1" time="0.000238"/>
        <testcase name="__pest_evaluable__VersionNumber_creates__compares_and_transforms_correctly__→_it_can_determine_if_another_version_number_is_equal_to_itself" file="/Users/kfriars/packages/snapshots/vendor/pestphp/pest/src/Factories/TestCaseFactory.php(196) : eval()'d code" line="202" class="P\Tests\Suite\Unit\VersionNumberTest" classname="P.Tests.Suite.Unit.VersionNumberTest" assertions="3" time="0.000197"/>
        <testcase name="__pest_evaluable__VersionNumber_creates__compares_and_transforms_correctly__→_it_can_return_a_snake_cased_string_of_the_version" file="/Users/kfriars/packages/snapshots/vendor/pestphp/pest/src/Factories/TestCaseFactory.php(196) : eval()'d code" line="97" class="P\Tests\Suite\Unit\VersionNumberTest" classname="P.Tests.Suite.Unit.VersionNumberTest" assertions="1" time="0.000279"/>
        <testcase name="__pest_evaluable__VersionNumber_creates__compares_and_transforms_correctly__→_it_can_return_the_next_patch_version" file="/Users/kfriars/packages/snapshots/vendor/pestphp/pest/src/Factories/TestCaseFactory.php(196) : eval()'d code" line="82" class="P\Tests\Suite\Unit\VersionNumberTest" classname="P.Tests.Suite.Unit.VersionNumberTest" assertions="3" time="0.000174"/>
        <testcase name="__pest_evaluable__VersionNumber_creates__compares_and_transforms_correctly__→_it_casts_to_a_string_in_dot_notation" file="/Users/kfriars/packages/snapshots/vendor/pestphp/pest/src/Factories/TestCaseFactory.php(196) : eval()'d code" line="127" class="P\Tests\Suite\Unit\VersionNumberTest" classname="P.Tests.Suite.Unit.VersionNumberTest" assertions="1" time="0.000188"/>
        <testcase name="__pest_evaluable__VersionNumber_creates__compares_and_transforms_correctly__→_it_can_return_a_kebab_cased_string_of_the_version" file="/Users/kfriars/packages/snapshots/vendor/pestphp/pest/src/Factories/TestCaseFactory.php(196) : eval()'d code" line="112" class="P\Tests\Suite\Unit\VersionNumberTest" classname="P.Tests.Suite.Unit.VersionNumberTest" assertions="1" time="0.000149"/>
        <testcase name="__pest_evaluable__VersionNumber_creates__compares_and_transforms_correctly__→_it_can_be_created_from_a_string" file="/Users/kfriars/packages/snapshots/vendor/pestphp/pest/src/Factories/TestCaseFactory.php(196) : eval()'d code" line="22" class="P\Tests\Suite\Unit\VersionNumberTest" classname="P.Tests.Suite.Unit.VersionNumberTest" assertions="3" time="0.000156"/>
        <testcase name="__pest_evaluable__VersionNumber_creates__compares_and_transforms_correctly__→_it_can_return_the_next_major_version" file="/Users/kfriars/packages/snapshots/vendor/pestphp/pest/src/Factories/TestCaseFactory.php(196) : eval()'d code" line="52" class="P\Tests\Suite\Unit\VersionNumberTest" classname="P.Tests.Suite.Unit.VersionNumberTest" assertions="3" time="0.000144"/>
      </testsuite>
    </testsuite>
  </testsuite>
</testsuites>
